  speechManger.cpp
C:\Users\Administrator\Desktop\C++\Computer-room-reservation\演讲比赛\基于STL的演讲比赛流程管理系统\基于STL的演讲比赛流程管理系统\speechManger.cpp(58,19): warning C4018: “<”: 有符号/无符号不匹配
C:\Users\Administrator\Desktop\C++\Computer-room-reservation\演讲比赛\基于STL的演讲比赛流程管理系统\基于STL的演讲比赛流程管理系统\speechManger.cpp(345,20): warning C4018: “<”: 有符号/无符号不匹配
C:\Program Files (x86)\Microsoft Visual Studio\2019\Community\VC\Tools\MSVC\14.29.30133\include\numeric(34,26): warning C4244: “=”: 从“double”转换到“_Ty”，可能丢失数据
          with
          [
              _Ty=float
          ]
C:\Program Files (x86)\Microsoft Visual Studio\2019\Community\VC\Tools\MSVC\14.29.30133\include\numeric(43): message : 查看对正在编译的函数 模板 实例化“_Ty std::accumulate<_InIt,_Ty,std::plus<void>>(const _InIt,const _InIt,_Ty,_Fn)”的引用
          with
          [
              _Ty=float,
              _InIt=std::_Deque_iterator<std::_Deque_val<std::_Deque_simple_types<double>>>,
              _Fn=std::plus<void>
          ]
C:\Users\Administrator\Desktop\C++\Computer-room-reservation\演讲比赛\基于STL的演讲比赛流程管理系统\基于STL的演讲比赛流程管理系统\speechManger.cpp(181): message : 查看对正在编译的函数 模板 实例化“_Ty std::accumulate<std::_Deque_iterator<std::_Deque_val<std::_Deque_simple_types<double>>>,float>(const _InIt,const _InIt,_Ty)”的引用
          with
          [
              _Ty=float,
              _InIt=std::_Deque_iterator<std::_Deque_val<std::_Deque_simple_types<double>>>
          ]
  基于STL的演讲比赛流程管理系统.vcxproj -> C:\Users\Administrator\Desktop\C++\Computer-room-reservation\演讲比赛\基于STL的演讲比赛流程管理系统\Debug\基于STL的演讲比赛流程管理系统.exe
